<?xml version="1.0" encoding="UTF-8"?>
<testng-results ignored="0" total="1" passed="1" failed="0" skipped="0">
  <reporter-output>
  </reporter-output>
  <suite started-at="2021-04-25T23:11:09 IST" name="Surefire suite" finished-at="2021-04-25T23:11:09 IST" duration-ms="59">
    <groups>
    </groups>
    <test started-at="2021-04-25T23:11:09 IST" name="Surefire test" finished-at="2021-04-25T23:11:09 IST" duration-ms="59">
      <class name="qalinkclick.JavaMaven.AppTest">
        <test-method signature="shouldAnswerWithTrue()" started-at="2021-04-25T23:11:09 IST" name="shouldAnswerWithTrue" finished-at="2021-04-25T23:11:09 IST" duration-ms="7" status="PASS">
          <reporter-output>
          </reporter-output>
        </test-method> <!-- shouldAnswerWithTrue -->
      </class> <!-- qalinkclick.JavaMaven.AppTest -->
    </test> <!-- Surefire test -->
  </suite> <!-- Surefire suite -->
</testng-results>
