<?xml version="1.0" encoding="UTF-8"?>
<!-- Generated by org.testng.reporters.JUnitXMLReporter -->
<testsuite ignored="0" hostname="DESKTOP-MR6DPVM" failures="0" tests="6" name="Surefire test" time="0.082" errors="0" timestamp="2021-04-25T23:11:09 IST">
  <testcase classname="qalinkclick.JavaMaven.AppiumTest" name="IOsDevice" time="0.007"/>
  <testcase classname="qalinkclick.JavaMaven.AppiumTest" name="mobileAndroid" time="0.0"/>
  <testcase classname="qalinkclick.JavaMaven.RestAssuredAPITest" name="mobileapp" time="0.001"/>
  <testcase classname="qalinkclick.JavaMaven.RestAssuredAPITest" name="webapp" time="0.001"/>
  <testcase classname="qalinkclick.JavaMaven.SeleniumTest" name="WebApp" time="0.0"/>
  <testcase classname="qalinkclick.JavaMaven.SeleniumTest" name="automation" time="0.002"/>
</testsuite> <!-- Surefire test -->
