<?xml version="1.0" encoding="UTF-8"?>
<testng-results ignored="0" total="4" passed="4" failed="0" skipped="0">
  <reporter-output>
  </reporter-output>
  <suite started-at="2021-04-25T23:15:17 IST" name="testng007" finished-at="2021-04-25T23:15:18 IST" duration-ms="100">
    <groups>
    </groups>
    <test started-at="2021-04-25T23:15:17 IST" name="Test" finished-at="2021-04-25T23:15:18 IST" duration-ms="100">
      <class name="qalinkclick.JavaMaven.AppiumTest">
        <test-method signature="IOsDevice()[pri:0, instance:qalinkclick.JavaMaven.AppiumTest@51e5fc98]" started-at="2021-04-25T23:15:18 IST" name="IOsDevice" finished-at="2021-04-25T23:15:18 IST" duration-ms="7" status="PASS">
          <reporter-output>
          </reporter-output>
        </test-method> <!-- IOsDevice -->
        <test-method signature="mobileAndroid()[pri:0, instance:qalinkclick.JavaMaven.AppiumTest@51e5fc98]" started-at="2021-04-25T23:15:18 IST" name="mobileAndroid" finished-at="2021-04-25T23:15:18 IST" duration-ms="2" status="PASS">
          <reporter-output>
          </reporter-output>
        </test-method> <!-- mobileAndroid -->
      </class> <!-- qalinkclick.JavaMaven.AppiumTest -->
      <class name="qalinkclick.JavaMaven.SeleniumTest">
        <test-method signature="WebApp()[pri:0, instance:qalinkclick.JavaMaven.SeleniumTest@1ed1993a]" started-at="2021-04-25T23:15:18 IST" name="WebApp" finished-at="2021-04-25T23:15:18 IST" duration-ms="1" status="PASS">
          <reporter-output>
          </reporter-output>
        </test-method> <!-- WebApp -->
        <test-method signature="automation()[pri:0, instance:qalinkclick.JavaMaven.SeleniumTest@1ed1993a]" started-at="2021-04-25T23:15:18 IST" name="automation" finished-at="2021-04-25T23:15:18 IST" duration-ms="0" status="PASS">
          <reporter-output>
          </reporter-output>
        </test-method> <!-- automation -->
      </class> <!-- qalinkclick.JavaMaven.SeleniumTest -->
    </test> <!-- Test -->
  </suite> <!-- testng007 -->
</testng-results>
